{
  "RSpec": {
    "coverage": {
      "/Users/unaimotriko/projects/weekly_challenges/Gilded_Rose_Kata/spec/gilded_rose_spec.rb": [
        1,
        null,
        1,
        1,
        1,
        1,
        1,
        2,
        2,
        null,
        2,
        2,
        null,
        null,
        null,
        null,
        1,
        1,
        1,
        2,
        2,
        null,
        2,
        2,
        null,
        null,
        null,
        null,
        1,
        1,
        1,
        2,
        2,
        null,
        2,
        2,
        null,
        null,
        null,
        null,
        null,
        1,
        1,
        1,
        null,
        1,
        2,
        2,
        null,
        null,
        null,
        1,
        2,
        2,
        null,
        null,
        null,
        null,
        1,
        1,
        null,
        1,
        2,
        2,
        null,
        null,
        null,
        1,
        2,
        2,
        null,
        null,
        null,
        null,
        1,
        1,
        null,
        1,
        2,
        2,
        null,
        null,
        null,
        1,
        2,
        2,
        null,
        null,
        null,
        null,
        1,
        1,
        null,
        1,
        2,
        2,
        null,
        null,
        null,
        1,
        1,
        1,
        null,
        null,
        1,
        2,
        2,
        null,
        null,
        null,
        null,
        1,
        1,
        1,
        2,
        2,
        null,
        2,
        2,
        null,
        null,
        null,
        null,
        null
      ],
      "/Users/unaimotriko/projects/weekly_challenges/Gilded_Rose_Kata/lib/gilded_rose.rb": [
        1,
        1,
        17,
        null,
        null,
        1,
        17,
        17,
        0,
        0,
        0,
        null,
        null,
        null,
        17,
        13,
        13,
        9,
        7,
        null,
        9,
        5,
        null,
        null,
        null,
        null,
        17,
        17,
        null,
        17,
        7,
        3,
        0,
        0,
        0,
        null,
        null,
        null,
        3,
        null,
        null,
        4,
        null,
        null,
        null,
        null,
        null,
        null,
        1,
        1,
        null,
        1,
        8,
        8,
        8,
        null,
        null,
        1,
        0,
        null,
        null
      ]
    },
    "timestamp": 1497517903
  }
}
