{
  "RSpec": {
    "coverage": {
      "/Users/unaimotriko/projects/weekly_challenges/Gilded_Rose_Kata/spec/feature/gilded_rose_spec.rb": [
        1,
        null,
        1,
        1,
        1,
        1,
        null,
        1,
        2,
        2,
        null,
        null,
        null,
        1,
        1,
        null,
        null,
        null,
        1,
        1,
        null,
        1,
        2,
        2,
        null,
        null,
        1,
        1,
        null,
        null,
        null,
        1,
        1,
        null,
        1,
        2,
        2,
        null,
        null,
        null,
        1,
        1,
        null,
        null,
        null,
        null,
        1,
        1,
        1,
        null,
        1,
        2,
        2,
        null,
        null,
        null,
        1,
        1,
        null,
        null,
        null,
        1,
        1,
        null,
        1,
        2,
        2,
        null,
        null,
        null,
        1,
        1,
        null,
        null,
        null,
        1,
        1,
        null,
        1,
        2,
        2,
        null,
        null,
        null,
        1,
        1,
        null,
        null,
        null,
        1,
        1,
        null,
        1,
        2,
        2,
        null,
        null,
        null,
        1,
        1,
        null,
        null,
        1,
        null,
        2,
        2,
        null,
        null,
        null,
        null,
        1,
        1,
        null,
        1,
        2,
        2,
        null,
        null,
        null,
        1,
        1,
        null,
        null,
        null,
        null,
        1,
        1,
        1,
        null,
        1,
        2,
        2,
        null,
        null,
        null,
        1,
        1,
        null,
        null,
        null,
        null,
        1,
        1,
        1,
        null,
        1,
        2,
        2,
        null,
        null,
        null,
        1,
        1,
        null,
        null,
        null,
        1,
        1,
        null,
        1,
        2,
        2,
        null,
        null,
        null,
        1,
        1,
        null,
        null,
        null,
        1,
        1,
        null,
        1,
        2,
        2,
        null,
        null,
        null,
        1,
        1,
        null,
        null,
        null,
        null
      ],
      "/Users/unaimotriko/projects/weekly_challenges/Gilded_Rose_Kata/lib/gilded_rose.rb": [
        1,
        1,
        1,
        1,
        1,
        1,
        null,
        null,
        1,
        1,
        13,
        null,
        null,
        1,
        26,
        null,
        null,
        1,
        null,
        1,
        12,
        12,
        null,
        null
      ],
      "/Users/unaimotriko/projects/weekly_challenges/Gilded_Rose_Kata/lib/aged_updater.rb": [
        null,
        1,
        1,
        null,
        1,
        4,
        null,
        null,
        1,
        4,
        3,
        null,
        null,
        1,
        null,
        1,
        4,
        null,
        null,
        1,
        3,
        null,
        null,
        1,
        2,
        null,
        null,
        1,
        1,
        null,
        null
      ],
      "/Users/unaimotriko/projects/weekly_challenges/Gilded_Rose_Kata/lib/conjured_updater.rb": [
        null,
        1,
        1,
        3,
        null,
        null,
        1,
        3,
        2,
        null,
        null,
        1,
        null,
        1,
        2,
        null,
        null,
        1,
        3,
        null,
        null,
        1,
        5,
        null,
        null
      ],
      "/Users/unaimotriko/projects/weekly_challenges/Gilded_Rose_Kata/lib/backstage_updater.rb": [
        null,
        1,
        1,
        1,
        12,
        null,
        null,
        1,
        12,
        12,
        null,
        null,
        1,
        null,
        1,
        4,
        null,
        null,
        1,
        12,
        null,
        null,
        1,
        14,
        null,
        null,
        1,
        12,
        null,
        null,
        1,
        8,
        null,
        null,
        1,
        4,
        null,
        null
      ],
      "/Users/unaimotriko/projects/weekly_challenges/Gilded_Rose_Kata/lib/regular_updater.rb": [
        null,
        1,
        1,
        6,
        null,
        null,
        1,
        6,
        4,
        null,
        null,
        1,
        null,
        1,
        4,
        null,
        null,
        1,
        2,
        null,
        null,
        1,
        6,
        null,
        null
      ],
      "/Users/unaimotriko/projects/weekly_challenges/Gilded_Rose_Kata/lib/item.rb": [
        null,
        1,
        1,
        null,
        1,
        25,
        25,
        25,
        null,
        null,
        1,
        1,
        null,
        null
      ],
      "/Users/unaimotriko/projects/weekly_challenges/Gilded_Rose_Kata/lib/sort.rb": [
        null,
        1,
        1,
        13,
        null,
        null,
        null,
        1,
        13,
        null,
        null,
        1,
        null,
        1,
        13,
        null,
        null,
        1,
        10,
        null,
        null,
        1,
        3,
        null,
        null
      ],
      "/Users/unaimotriko/projects/weekly_challenges/Gilded_Rose_Kata/spec/feature/sort_spec.rb": [
        1,
        null,
        1,
        1,
        1,
        1,
        1,
        2,
        2,
        null,
        null,
        null,
        null,
        null
      ],
      "/Users/unaimotriko/projects/weekly_challenges/Gilded_Rose_Kata/spec/unit/conjured_updater_spec.rb": [
        1,
        1,
        null,
        1,
        1,
        1,
        1,
        1,
        1,
        1,
        null,
        null,
        null,
        1,
        1,
        1,
        null,
        1,
        1,
        null,
        null,
        null,
        1,
        1,
        1,
        null,
        1,
        1,
        null,
        null,
        null,
        null
      ],
      "/Users/unaimotriko/projects/weekly_challenges/Gilded_Rose_Kata/spec/unit/item_spec.rb": [
        1,
        null,
        1,
        1,
        1,
        1,
        1,
        null,
        null,
        null
      ],
      "/Users/unaimotriko/projects/weekly_challenges/Gilded_Rose_Kata/spec/unit/pass_updater_spec.rb": [
        1,
        1,
        null,
        1,
        1,
        1,
        1,
        1,
        null,
        1,
        1,
        null,
        null,
        null,
        1,
        1,
        1,
        null,
        1,
        1,
        null,
        null,
        null,
        1,
        1,
        1,
        null,
        1,
        1,
        null,
        null,
        null,
        1,
        1,
        1,
        null,
        1,
        1,
        null,
        null,
        1,
        null,
        2,
        2,
        null,
        null,
        null,
        null,
        1,
        1,
        1,
        null,
        1,
        1,
        null,
        null,
        null,
        null
      ],
      "/Users/unaimotriko/projects/weekly_challenges/Gilded_Rose_Kata/spec/unit/regular_spec.rb": [
        1,
        1,
        null,
        1,
        1,
        1,
        1,
        1,
        null,
        1,
        1,
        null,
        null,
        null,
        1,
        1,
        1,
        null,
        1,
        1,
        null,
        null,
        null,
        1,
        1,
        1,
        null,
        1,
        1,
        null,
        null,
        null,
        null
      ]
    },
    "timestamp": 1497712188
  }
}
